<?xml version="1.0" encoding="utf-8"?><testsuites name="pytest tests"><testsuite name="pytest" errors="0" failures="0" skipped="0" tests="8" time="1.012" timestamp="2026-05-02T17:14:39.674273+00:00" hostname="agent-env-cb83579b-6189-4111-9760-65d27e9a8f51"><testcase classname="backend.tests.backend_test.TestHealth" name="test_health" time="0.290" /><testcase classname="backend.tests.backend_test.TestContact" name="test_contact_create_valid" time="0.123" /><testcase classname="backend.tests.backend_test.TestContact" name="test_contact_invalid_email" time="0.051" /><testcase classname="backend.tests.backend_test.TestContact" name="test_contact_missing_fields" time="0.055" /><testcase classname="backend.tests.backend_test.TestNewsletter" name="test_subscribe_and_idempotent" time="0.154" /><testcase classname="backend.tests.backend_test.TestNewsletter" name="test_list_newsletter" time="0.054" /><testcase classname="backend.tests.backend_test.TestNewsletter" name="test_newsletter_invalid_email" time="0.052" /><testcase classname="backend.tests.backend_test.TestQuote" name="test_create_quote" time="0.080" /></testsuite></testsuites>